<?xml version="1.0" encoding="UTF-8"?>
<testng-results skipped="0" failed="0" ignored="0" total="2" passed="2">
  <reporter-output>
  </reporter-output>
  <suite name="Default suite" duration-ms="206" started-at="2019-01-09T10:07:00Z" finished-at="2019-01-09T10:07:00Z">
    <groups>
    </groups>
    <test name="Default test" duration-ms="206" started-at="2019-01-09T10:07:00Z" finished-at="2019-01-09T10:07:00Z">
      <class name="mypackage.dataprovider">
        <test-method status="PASS" signature="beforeClass()[pri:0, instance:mypackage.dataprovider@4b9e13df]" name="beforeClass" is-config="true" duration-ms="55" started-at="2019-01-09T10:07:00Z" finished-at="2019-01-09T10:07:00Z">
          <reporter-output>
          </reporter-output>
        </test-method> <!-- beforeClass -->
        <test-method status="PASS" signature="f(java.lang.String, java.lang.String)[pri:0, instance:mypackage.dataprovider@4b9e13df]" name="f" duration-ms="29" started-at="2019-01-09T10:07:00Z" data-provider="mydata" finished-at="2019-01-09T10:07:00Z">
          <params>
            <param index="0">
              <value>
                <![CDATA[SAM]]>
              </value>
            </param>
            <param index="1">
              <value>
                <![CDATA[abcd@123]]>
              </value>
            </param>
          </params>
          <reporter-output>
          </reporter-output>
        </test-method> <!-- f -->
        <test-method status="PASS" signature="f(java.lang.String, java.lang.String)[pri:0, instance:mypackage.dataprovider@4b9e13df]" name="f" duration-ms="7" started-at="2019-01-09T10:07:00Z" data-provider="mydata" finished-at="2019-01-09T10:07:00Z">
          <params>
            <param index="0">
              <value>
                <![CDATA[Ram]]>
              </value>
            </param>
            <param index="1">
              <value>
                <![CDATA[abcd@432]]>
              </value>
            </param>
          </params>
          <reporter-output>
          </reporter-output>
        </test-method> <!-- f -->
        <test-method status="PASS" signature="afterClass()[pri:0, instance:mypackage.dataprovider@4b9e13df]" name="afterClass" is-config="true" duration-ms="0" started-at="2019-01-09T10:07:00Z" finished-at="2019-01-09T10:07:00Z">
          <reporter-output>
          </reporter-output>
        </test-method> <!-- afterClass -->
      </class> <!-- mypackage.dataprovider -->
    </test> <!-- Default test -->
  </suite> <!-- Default suite -->
</testng-results>
